<?xml version="1.0" encoding="UTF-8"?>
<!-- Generated by org.testng.reporters.JUnitReportReporter -->
<testsuite hostname="DESKTOP-UGRFTK1" failures="0" tests="1" name="day28.Demo1" time="9.875" errors="0" timestamp="2023-02-14T19:49:40 IST" skipped="0">
  <testcase classname="day28.Demo1" name="testA" time="9.875"/>
  <system-out/>
</testsuite> <!-- day28.Demo1 -->
