<?xml version="1.0" encoding="UTF-8"?>
<!-- Generated by org.testng.reporters.JUnitReportReporter -->
<testsuite hostname="DESKTOP-UGRFTK1" failures="0" tests="1" name="scripts.TestCase1" time="22.255" errors="0" timestamp="2023-02-14T20:35:54 IST" skipped="0">
  <testcase classname="scripts.TestCase1" name="testA" time="22.255"/>
  <system-out>
    <![CDATA[Google
XL:Bhanu]]>
  </system-out>
</testsuite> <!-- scripts.TestCase1 -->
